wandb: Appending key for api.wandb.ai to your netrc file: /root/.netrc
wandb: Currently logged in as: bang001 (bang001-ku) to https://api.wandb.ai. Use `wandb login --relogin` to force relogin
총 98개의 실험 발견

처리 중: 1/98
처리 중: 11/98
처리 중: 21/98
처리 중: 31/98
처리 중: 41/98
처리 중: 51/98
처리 중: 61/98
처리 중: 71/98
처리 중: 81/98
처리 중: 91/98

총 수집된 실험: 98개
Self-Attention OE 실험: 70개
Standard 실험: 28개
완료된 실험: 98개
완료된 Self-Attention OE 실험: 70개

결과 저장 완료:
  - wandb_all_results.csv: 전체 98개
  - wandb_completed_results.csv: 완료된 98개
  - wandb_self_oe_results.csv: Self-OE 70개

=== 주요 메트릭 결측치 확인 (Self-OE) ===
  auroc_mean: 0/70 결측
  aupr_mean: 0/70 결측
  fpr95_mean: 0/70 결측
  attention_top_p: 0/70 결측
  masking_probability: 0/70 결측

=== Self-Attention OE 기본 통계 ===
       auroc_mean  aupr_mean  fpr95_mean  auroc_ag_news  auroc_wikitext
count     70.0000    70.0000     70.0000        70.0000         70.0000
mean       0.7939     0.7865      0.6439         0.7544          0.8333
std        0.0188     0.0248      0.0560         0.0359          0.0233
min        0.7718     0.7594      0.5588         0.7190          0.7652
25%        0.7720     0.7596      0.5966         0.7192          0.8247
50%        0.7983     0.7885      0.6310         0.7509          0.8314
75%        0.8056     0.7992      0.6944         0.7834          0.8493
max        0.8264     0.8316      0.7450         0.8461          0.8664

=== 1. attention_top_p별 평균 성능 ===
                auroc_mean                ... auroc_ag_news auroc_wikitext        
                      mean     std count  ...           std           mean     std
attention_top_p                           ...                                     
0.15                0.7911  0.0188    20  ...        0.0340         0.8328  0.0206
0.25                0.7976  0.0188    30  ...        0.0382         0.8340  0.0270
0.35                0.7911  0.0188    20  ...        0.0340         0.8328  0.0206

[3 rows x 11 columns]

=== 2. masking_probability별 평균 성능 ===
                    auroc_mean                ... auroc_ag_news auroc_wikitext        
                          mean     std count  ...           std           mean     std
masking_probability                           ...                                     
0.00                    0.7755  0.0074    30  ...        0.0121         0.8260  0.0027
0.05                    0.8076  0.0115    40  ...        0.0316         0.8388  0.0297

[2 rows x 11 columns]

=== 3. attention_filtering_method별 평균 성능 ===
                           auroc_mean                ... aupr_mean fpr95_mean        
                                 mean     std count  ...       std       mean     std
attention_filtering_method                           ...                             
entropy_elbow_higher           0.7887  0.0151    14  ...    0.0188     0.6400  0.0491
max_attention_elbow_lower      0.7976  0.0232    14  ...    0.0313     0.6352  0.0539
removed_avg_elbow_higher       0.7874  0.0139    14  ...    0.0178     0.6459  0.0432
sequential                     0.7946  0.0089    14  ...    0.0112     0.6804  0.0498
top_k_avg_elbow_lower          0.8011  0.0264    14  ...    0.0343     0.6180  0.0687

[5 rows x 7 columns]

=== 최고 성능 실험 (AUROC 기준, Top 10) ===
                                                                          run_name attention_top_p masking_probability attention_filtering_method  auroc_mean  aupr_mean  fpr95_mean  auroc_ag_news  auroc_wikitext
5       20newsgroups_Self_Attention_OE_top_k_avg_elbow_lower_cross_20251009_092339            0.25                0.05      top_k_avg_elbow_lower    0.826370   0.831552    0.561865       0.786304        0.866437
12      20newsgroups_Self_Attention_OE_top_k_avg_elbow_lower_cross_20251009_170820            0.25                0.05      top_k_avg_elbow_lower    0.826370   0.831552    0.561865       0.786304        0.866437
40      20newsgroups_Self_Attention_OE_top_k_avg_elbow_lower_cross_20251011_204856            0.15                0.05      top_k_avg_elbow_lower    0.826370   0.831552    0.561865       0.786304        0.866437
68      20newsgroups_Self_Attention_OE_top_k_avg_elbow_lower_cross_20251012_093456            0.25                0.05      top_k_avg_elbow_lower    0.826370   0.831552    0.561865       0.786304        0.866437
96      20newsgroups_Self_Attention_OE_top_k_avg_elbow_lower_cross_20251012_221245            0.35                0.05      top_k_avg_elbow_lower    0.826370   0.831552    0.561865       0.786304        0.866437
3   20newsgroups_Self_Attention_OE_max_attention_elbow_lower_cross_20251009_083923            0.25                0.05  max_attention_elbow_lower    0.818922   0.824708    0.593018       0.789397        0.848447
10  20newsgroups_Self_Attention_OE_max_attention_elbow_lower_cross_20251009_162312            0.25                0.05  max_attention_elbow_lower    0.818922   0.824708    0.593018       0.789397        0.848447
38  20newsgroups_Self_Attention_OE_max_attention_elbow_lower_cross_20251011_195357            0.15                0.05  max_attention_elbow_lower    0.818922   0.824708    0.593018       0.789397        0.848447
66  20newsgroups_Self_Attention_OE_max_attention_elbow_lower_cross_20251012_084508            0.25                0.05  max_attention_elbow_lower    0.818922   0.824708    0.593018       0.789397        0.848447
94  20newsgroups_Self_Attention_OE_max_attention_elbow_lower_cross_20251012_212515            0.35                0.05  max_attention_elbow_lower    0.818922   0.824708    0.593018       0.789397        0.848447

=== 파라미터 조합별 평균 성능 ===
                                    auroc_mean          ... fpr95_mean        
                                          mean     std  ...       mean     std
attention_top_p masking_probability                     ...                   
0.15            0.00                    0.7755  0.0077  ...     0.6954  0.0214
                0.05                    0.8067  0.0121  ...     0.6072  0.0463
0.25            0.00                    0.7755  0.0076  ...     0.6957  0.0214
                0.05                    0.8086  0.0114  ...     0.6030  0.0361
0.35            0.00                    0.7755  0.0077  ...     0.6957  0.0214
                0.05                    0.8067  0.0121  ...     0.6072  0.0463

[6 rows x 7 columns]

=== Baseline (Standard) vs Self-Attention OE 비교 ===
Baseline (Standard):
  AUROC mean: 0.7718 ± 0.0000
  AUPR mean: 0.7597 ± 0.0000
  FPR95 mean: 0.6949 ± 0.0000

Self-Attention OE:
  AUROC mean: 0.7939 ± 0.0188
  AUPR mean: 0.7865 ± 0.0248
  FPR95 mean: 0.6439 ± 0.0560

개선률:
  AUROC: +2.85%

분석 완료!
